#! /usr/bin/vvp
:ivl_version "10.3 (stable)";
:ivl_delay_selection "TYPICAL";
:vpi_time_precision + 0;
:vpi_module "system";
:vpi_module "vhdl_sys";
:vpi_module "v2005_math";
:vpi_module "va_math";
S_0x7fffc6ea3de0 .scope module, "fpadder_tb" "fpadder_tb" 2 5;
 .timescale 0 0;
v0x7fffc6ecfb90_0 .var "a", 63 0;
v0x7fffc6ecfc80_0 .var "b", 63 0;
v0x7fffc6ecfd50_0 .net "out", 63 0, v0x7fffc6ecfa50_0;  1 drivers
S_0x7fffc6ea3f60 .scope module, "FP1" "fp_adder" 2 53, 3 4 0, S_0x7fffc6ea3de0;
 .timescale 0 0;
    .port_info 0 /INPUT 64 "a"
    .port_info 1 /INPUT 64 "b"
    .port_info 2 /OUTPUT 64 "out"
L_0x7fffc6ecff50 .functor XOR 1, v0x7fffc6ecf4d0_0, v0x7fffc6ecf570_0, C4<0>, C4<0>;
v0x7fffc6ecebc0_0 .var "D", 10 0;
v0x7fffc6ececa0_0 .var "E1", 10 0;
v0x7fffc6eced80_0 .var "E2", 10 0;
v0x7fffc6ecee70_0 .var "E3", 10 0;
v0x7fffc6ecef50_0 .var "M1", 52 0;
v0x7fffc6ecf060_0 .var "M2", 52 0;
v0x7fffc6ecf130_0 .net "M2_shifted", 52 0, v0x7fffc6ece980_0;  1 drivers
v0x7fffc6ecf220_0 .net "M3", 53 0, v0x7fffc6ecddc0_0;  1 drivers
v0x7fffc6ecf330_0 .var "M3_final", 51 0;
v0x7fffc6ecf410_0 .net "M3_normalised", 53 0, v0x7fffc6ece340_0;  1 drivers
v0x7fffc6ecf4d0_0 .var "S1", 0 0;
v0x7fffc6ecf570_0 .var "S2", 0 0;
v0x7fffc6ecf630_0 .var "S3", 0 0;
v0x7fffc6ecf6f0_0 .net "a", 63 0, v0x7fffc6ecfb90_0;  1 drivers
v0x7fffc6ecf7d0_0 .var "actual_shift", 5 0;
v0x7fffc6ecf8b0_0 .net "b", 63 0, v0x7fffc6ecfc80_0;  1 drivers
v0x7fffc6ecf990_0 .var "normalizer_shift", 5 0;
v0x7fffc6ecfa50_0 .var "out", 63 0;
E_0x7fffc6ea6b90/0 .event edge, v0x7fffc6ecf6f0_0, v0x7fffc6ecf8b0_0, v0x7fffc6eced80_0, v0x7fffc6ececa0_0;
E_0x7fffc6ea6b90/1 .event edge, v0x7fffc6ece7a0_0, v0x7fffc6eaf9f0_0, v0x7fffc6ecf4d0_0, v0x7fffc6ecebc0_0;
E_0x7fffc6ea6b90/2 .event edge, v0x7fffc6ece400_0, v0x7fffc6ecddc0_0, v0x7fffc6ece340_0, v0x7fffc6ecf7d0_0;
E_0x7fffc6ea6b90/3 .event edge, v0x7fffc6ecf630_0, v0x7fffc6ecee70_0, v0x7fffc6ecf330_0;
E_0x7fffc6ea6b90 .event/or E_0x7fffc6ea6b90/0, E_0x7fffc6ea6b90/1, E_0x7fffc6ea6b90/2, E_0x7fffc6ea6b90/3;
L_0x7fffc6ecfe50 .part v0x7fffc6ecebc0_0, 0, 6;
S_0x7fffc6eaf800 .scope module, "as" "add_sub" 3 19, 4 4 0, S_0x7fffc6ea3f60;
 .timescale 0 0;
    .port_info 0 /INPUT 53 "A"
    .port_info 1 /INPUT 53 "B"
    .port_info 2 /INPUT 1 "cin"
    .port_info 3 /OUTPUT 54 "sum"
v0x7fffc6eaf9f0_0 .net "A", 52 0, v0x7fffc6ecef50_0;  1 drivers
v0x7fffc6ecdc40_0 .net "B", 52 0, v0x7fffc6ece980_0;  alias, 1 drivers
v0x7fffc6ecdd20_0 .net "cin", 0 0, L_0x7fffc6ecff50;  1 drivers
v0x7fffc6ecddc0_0 .var "sum", 53 0;
E_0x7fffc6ea2ba0 .event edge, v0x7fffc6ecdd20_0, v0x7fffc6ecdc40_0, v0x7fffc6eaf9f0_0;
S_0x7fffc6ecdf20 .scope module, "ls" "left_shift" 3 20, 5 4 0, S_0x7fffc6ea3f60;
 .timescale 0 0;
    .port_info 0 /INPUT 54 "A"
    .port_info 1 /INPUT 6 "shift"
    .port_info 2 /OUTPUT 54 "out"
v0x7fffc6ece1a0_0 .net "A", 53 0, v0x7fffc6ecddc0_0;  alias, 1 drivers
v0x7fffc6ece280_0 .var/i "k", 31 0;
v0x7fffc6ece340_0 .var "out", 53 0;
v0x7fffc6ece400_0 .net "shift", 5 0, v0x7fffc6ecf990_0;  1 drivers
E_0x7fffc6ea2ce0 .event edge, v0x7fffc6ece400_0;
S_0x7fffc6ece560 .scope module, "rs" "right_shift" 3 18, 5 17 0, S_0x7fffc6ea3f60;
 .timescale 0 0;
    .port_info 0 /INPUT 53 "A"
    .port_info 1 /INPUT 6 "shift"
    .port_info 2 /OUTPUT 53 "out"
v0x7fffc6ece7a0_0 .net "A", 52 0, v0x7fffc6ecf060_0;  1 drivers
v0x7fffc6ece8a0_0 .var/i "k", 31 0;
v0x7fffc6ece980_0 .var "out", 52 0;
v0x7fffc6ecea80_0 .net "shift", 5 0, L_0x7fffc6ecfe50;  1 drivers
E_0x7fffc6ea2e20 .event edge, v0x7fffc6ecea80_0;
    .scope S_0x7fffc6ece560;
T_0 ;
    %wait E_0x7fffc6ea2e20;
    %load/vec4 v0x7fffc6ecea80_0;
    %pad/u 32;
    %store/vec4 v0x7fffc6ece8a0_0, 0, 32;
    %load/vec4 v0x7fffc6ece7a0_0;
    %load/vec4 v0x7fffc6ece8a0_0;
    %ix/vec4 4;
    %shiftr 4;
    %store/vec4 v0x7fffc6ece980_0, 0, 53;
    %jmp T_0;
    .thread T_0, $push;
    .scope S_0x7fffc6eaf800;
T_1 ;
    %wait E_0x7fffc6ea2ba0;
    %load/vec4 v0x7fffc6ecdd20_0;
    %nor/r;
    %flag_set/vec4 8;
    %jmp/0xz  T_1.0, 8;
    %load/vec4 v0x7fffc6eaf9f0_0;
    %pad/u 54;
    %load/vec4 v0x7fffc6ecdc40_0;
    %pad/u 54;
    %add;
    %store/vec4 v0x7fffc6ecddc0_0, 0, 54;
    %jmp T_1.1;
T_1.0 ;
    %load/vec4 v0x7fffc6eaf9f0_0;
    %pad/u 54;
    %load/vec4 v0x7fffc6ecdc40_0;
    %pad/u 54;
    %sub;
    %store/vec4 v0x7fffc6ecddc0_0, 0, 54;
T_1.1 ;
    %jmp T_1;
    .thread T_1, $push;
    .scope S_0x7fffc6ecdf20;
T_2 ;
    %wait E_0x7fffc6ea2ce0;
    %load/vec4 v0x7fffc6ece400_0;
    %pad/u 32;
    %store/vec4 v0x7fffc6ece280_0, 0, 32;
    %load/vec4 v0x7fffc6ece1a0_0;
    %load/vec4 v0x7fffc6ece280_0;
    %ix/vec4 4;
    %shiftl 4;
    %store/vec4 v0x7fffc6ece340_0, 0, 54;
    %jmp T_2;
    .thread T_2, $push;
    .scope S_0x7fffc6ea3f60;
T_3 ;
    %wait E_0x7fffc6ea6b90;
    %load/vec4 v0x7fffc6ecf6f0_0;
    %parti/s 1, 63, 7;
    %store/vec4 v0x7fffc6ecf4d0_0, 0, 1;
    %load/vec4 v0x7fffc6ecf8b0_0;
    %parti/s 1, 63, 7;
    %store/vec4 v0x7fffc6ecf570_0, 0, 1;
    %load/vec4 v0x7fffc6ecf6f0_0;
    %parti/s 11, 52, 7;
    %store/vec4 v0x7fffc6ececa0_0, 0, 11;
    %load/vec4 v0x7fffc6ecf8b0_0;
    %parti/s 11, 52, 7;
    %store/vec4 v0x7fffc6eced80_0, 0, 11;
    %pushi/vec4 1, 0, 1;
    %load/vec4 v0x7fffc6ecf6f0_0;
    %parti/s 52, 0, 2;
    %concat/vec4; draw_concat_vec4
    %store/vec4 v0x7fffc6ecef50_0, 0, 53;
    %pushi/vec4 1, 0, 1;
    %load/vec4 v0x7fffc6ecf8b0_0;
    %parti/s 52, 0, 2;
    %concat/vec4; draw_concat_vec4
    %store/vec4 v0x7fffc6ecf060_0, 0, 53;
    %load/vec4 v0x7fffc6ececa0_0;
    %load/vec4 v0x7fffc6eced80_0;
    %cmp/u;
    %flag_mov 8, 5;
    %load/vec4 v0x7fffc6ececa0_0;
    %load/vec4 v0x7fffc6eced80_0;
    %cmp/e;
    %flag_get/vec4 4;
    %load/vec4 v0x7fffc6ecef50_0;
    %load/vec4 v0x7fffc6ecf060_0;
    %cmp/u;
    %flag_get/vec4 5;
    %and;
    %flag_set/vec4 9;
    %flag_or 9, 8;
    %jmp/0xz  T_3.0, 9;
    %load/vec4 v0x7fffc6ecf8b0_0;
    %parti/s 1, 63, 7;
    %store/vec4 v0x7fffc6ecf4d0_0, 0, 1;
    %load/vec4 v0x7fffc6ecf6f0_0;
    %parti/s 1, 63, 7;
    %store/vec4 v0x7fffc6ecf570_0, 0, 1;
    %load/vec4 v0x7fffc6ecf8b0_0;
    %parti/s 11, 52, 7;
    %store/vec4 v0x7fffc6ececa0_0, 0, 11;
    %load/vec4 v0x7fffc6ecf6f0_0;
    %parti/s 11, 52, 7;
    %store/vec4 v0x7fffc6eced80_0, 0, 11;
    %pushi/vec4 1, 0, 1;
    %load/vec4 v0x7fffc6ecf8b0_0;
    %parti/s 52, 0, 2;
    %concat/vec4; draw_concat_vec4
    %store/vec4 v0x7fffc6ecef50_0, 0, 53;
    %pushi/vec4 1, 0, 1;
    %load/vec4 v0x7fffc6ecf6f0_0;
    %parti/s 52, 0, 2;
    %concat/vec4; draw_concat_vec4
    %store/vec4 v0x7fffc6ecf060_0, 0, 53;
T_3.0 ;
    %load/vec4 v0x7fffc6ecf4d0_0;
    %store/vec4 v0x7fffc6ecf630_0, 0, 1;
    %load/vec4 v0x7fffc6ececa0_0;
    %load/vec4 v0x7fffc6eced80_0;
    %sub;
    %store/vec4 v0x7fffc6ecebc0_0, 0, 11;
    %pushi/vec4 52, 0, 32;
    %load/vec4 v0x7fffc6ecebc0_0;
    %pad/u 32;
    %cmp/u;
    %flag_or 5, 4;
    %jmp/0xz  T_3.2, 5;
    %pushi/vec4 52, 0, 11;
    %store/vec4 v0x7fffc6ecebc0_0, 0, 11;
T_3.2 ;
    %pushi/vec4 0, 0, 6;
    %store/vec4 v0x7fffc6ecf990_0, 0, 6;
T_3.4 ;
    %load/vec4 v0x7fffc6ecf220_0;
    %pushi/vec4 53, 0, 32;
    %load/vec4 v0x7fffc6ecf990_0;
    %pad/u 32;
    %sub;
    %part/u 1;
    %pushi/vec4 0, 0, 1;
    %cmp/e;
    %flag_get/vec4 4;
    %load/vec4 v0x7fffc6ecf990_0;
    %pad/u 32;
    %cmpi/u 53, 0, 32;
    %flag_get/vec4 5;
    %and;
    %flag_set/vec4 8;
    %jmp/0xz T_3.5, 8;
    %load/vec4 v0x7fffc6ecf990_0;
    %addi 1, 0, 6;
    %store/vec4 v0x7fffc6ecf990_0, 0, 6;
    %jmp T_3.4;
T_3.5 ;
    %load/vec4 v0x7fffc6ecf990_0;
    %subi 1, 0, 6;
    %store/vec4 v0x7fffc6ecf7d0_0, 0, 6;
    %load/vec4 v0x7fffc6ecf220_0;
    %parti/s 1, 53, 7;
    %cmpi/e 1, 0, 1;
    %jmp/0xz  T_3.6, 4;
    %load/vec4 v0x7fffc6ecf220_0;
    %parti/s 52, 1, 2;
    %store/vec4 v0x7fffc6ecf330_0, 0, 52;
    %load/vec4 v0x7fffc6ececa0_0;
    %addi 1, 0, 11;
    %store/vec4 v0x7fffc6ecee70_0, 0, 11;
    %jmp T_3.7;
T_3.6 ;
    %load/vec4 v0x7fffc6ecf220_0;
    %parti/s 1, 52, 7;
    %cmpi/e 1, 0, 1;
    %jmp/0xz  T_3.8, 4;
    %load/vec4 v0x7fffc6ecf220_0;
    %parti/s 52, 0, 2;
    %store/vec4 v0x7fffc6ecf330_0, 0, 52;
    %load/vec4 v0x7fffc6ececa0_0;
    %store/vec4 v0x7fffc6ecee70_0, 0, 11;
    %jmp T_3.9;
T_3.8 ;
    %load/vec4 v0x7fffc6ecf410_0;
    %parti/s 52, 1, 2;
    %store/vec4 v0x7fffc6ecf330_0, 0, 52;
    %load/vec4 v0x7fffc6ececa0_0;
    %load/vec4 v0x7fffc6ecf7d0_0;
    %pad/u 11;
    %sub;
    %store/vec4 v0x7fffc6ecee70_0, 0, 11;
T_3.9 ;
T_3.7 ;
    %load/vec4 v0x7fffc6ececa0_0;
    %cmpi/e 255, 0, 11;
    %flag_mov 8, 4;
    %load/vec4 v0x7fffc6eced80_0;
    %cmpi/e 255, 0, 11;
    %flag_or 4, 8;
    %jmp/0xz  T_3.10, 4;
    %pushi/vec4 4294967295, 0, 33;
    %concati/vec4 2147483647, 0, 31;
    %store/vec4 v0x7fffc6ecfa50_0, 0, 64;
    %jmp T_3.11;
T_3.10 ;
    %load/vec4 v0x7fffc6ecf6f0_0;
    %parti/s 63, 0, 2;
    %cmpi/e 0, 0, 63;
    %jmp/0xz  T_3.12, 4;
    %load/vec4 v0x7fffc6ecf8b0_0;
    %store/vec4 v0x7fffc6ecfa50_0, 0, 64;
    %jmp T_3.13;
T_3.12 ;
    %load/vec4 v0x7fffc6ecf8b0_0;
    %parti/s 63, 0, 2;
    %cmpi/e 0, 0, 63;
    %jmp/0xz  T_3.14, 4;
    %load/vec4 v0x7fffc6ecf6f0_0;
    %store/vec4 v0x7fffc6ecfa50_0, 0, 64;
    %jmp T_3.15;
T_3.14 ;
    %load/vec4 v0x7fffc6ecf410_0;
    %cmpi/e 0, 0, 54;
    %jmp/0xz  T_3.16, 4;
    %pushi/vec4 0, 0, 64;
    %store/vec4 v0x7fffc6ecfa50_0, 0, 64;
    %jmp T_3.17;
T_3.16 ;
    %load/vec4 v0x7fffc6ecf630_0;
    %load/vec4 v0x7fffc6ecee70_0;
    %concat/vec4; draw_concat_vec4
    %load/vec4 v0x7fffc6ecf330_0;
    %concat/vec4; draw_concat_vec4
    %store/vec4 v0x7fffc6ecfa50_0, 0, 64;
T_3.17 ;
T_3.15 ;
T_3.13 ;
T_3.11 ;
    %jmp T_3;
    .thread T_3, $push;
    .scope S_0x7fffc6ea3de0;
T_4 ;
    %pushi/vec4 4293813862, 0, 33;
    %concati/vec4 858993459, 0, 31;
    %store/vec4 v0x7fffc6ecfb90_0, 0, 64;
    %pushi/vec4 4294023577, 0, 33;
    %concati/vec4 1288490189, 0, 31;
    %store/vec4 v0x7fffc6ecfc80_0, 0, 64;
    %delay 10, 0;
    %pushi/vec4 4290772992, 0, 34;
    %concati/vec4 0, 0, 30;
    %store/vec4 v0x7fffc6ecfb90_0, 0, 64;
    %pushi/vec4 2147483648, 0, 33;
    %concati/vec4 0, 0, 31;
    %store/vec4 v0x7fffc6ecfc80_0, 0, 64;
    %delay 10, 0;
    %pushi/vec4 3233907811, 0, 32;
    %concati/vec4 3607772529, 0, 32;
    %store/vec4 v0x7fffc6ecfb90_0, 0, 64;
    %pushi/vec4 2176406000, 0, 33;
    %concati/vec4 549755814, 0, 31;
    %store/vec4 v0x7fffc6ecfc80_0, 0, 64;
    %delay 10, 0;
    %pushi/vec4 3234011477, 0, 32;
    %concati/vec4 3264175144, 0, 32;
    %store/vec4 v0x7fffc6ecfb90_0, 0, 64;
    %pushi/vec4 2173055659, 0, 33;
    %concati/vec4 1116691496, 0, 31;
    %store/vec4 v0x7fffc6ecfc80_0, 0, 64;
    %delay 10, 0;
    %pushi/vec4 4292660428, 0, 34;
    %concati/vec4 858993459, 0, 30;
    %store/vec4 v0x7fffc6ecfb90_0, 0, 64;
    %pushi/vec4 3220753612, 0, 32;
    %concati/vec4 3435973836, 0, 32;
    %store/vec4 v0x7fffc6ecfc80_0, 0, 64;
    %delay 10, 0;
    %pushi/vec4 3220648755, 0, 32;
    %concati/vec4 858993459, 0, 32;
    %store/vec4 v0x7fffc6ecfb90_0, 0, 64;
    %pushi/vec4 3220753612, 0, 32;
    %concati/vec4 3435973836, 0, 32;
    %store/vec4 v0x7fffc6ecfc80_0, 0, 64;
    %delay 10, 0;
    %pushi/vec4 4290772992, 0, 34;
    %concati/vec4 0, 0, 30;
    %store/vec4 v0x7fffc6ecfb90_0, 0, 64;
    %pushi/vec4 3221225472, 0, 32;
    %concati/vec4 0, 0, 32;
    %store/vec4 v0x7fffc6ecfc80_0, 0, 64;
    %delay 10, 0;
    %vpi_call 2 49 "$finish" {0 0 0};
    %end;
    .thread T_4;
    .scope S_0x7fffc6ea3de0;
T_5 ;
    %vpi_call 2 57 "$monitor", "output: %b %b %b", &PV<v0x7fffc6ecfd50_0, 63, 1>, &PV<v0x7fffc6ecfd50_0, 52, 11>, &PV<v0x7fffc6ecfd50_0, 0, 52> {0 0 0};
    %end;
    .thread T_5;
# The file index is used to find the file name in the following table.
:file_names 6;
    "N/A";
    "<interactive>";
    "FP_tb.v";
    "./FPAdder.v";
    "./add-sub.v";
    "./shifter.v";
